Using pre-set license
Built from '2020.3/staging' branch; Version is '2020.3.17f1 (a4537701e4ab) revision 10769271'; Using compiler version '192528614'; Build Type 'Release'
OS: 'Windows 10 Enterprise; OS build 18363.1734; Version 1909; 64bit' Language: 'en' Physical Memory: 16330 MB
BatchMode: 1, IsHumanControllingUs: 0, StartBugReporterOnCrash: 0, Is64bit: 1, IsPro: 0

COMMAND LINE ARGUMENTS:
C:\Program Files\Unity\Hub\Editor\2020.3.15f2\Editor\Unity.exe
-adb2
-batchMode
-noUpm
-name
AssetImportWorker0
-projectPath
C:/Users/Tyler/GameDev/JW_3DShooter
-logFile
Logs/AssetImportWorker0.log
-srvPort
50087
Successfully changed project path to: C:/Users/Tyler/GameDev/JW_3DShooter
C:/Users/Tyler/GameDev/JW_3DShooter
Using Asset Import Pipeline V2.
Refreshing native plugins compatible for Editor in 22.58 ms, found 2 plugins.
Preloading 0 native plugins for Editor in 0.00 ms.
Initialize engine version: 2020.3.17f1 (a4537701e4ab)
[Subsystems] Discovering subsystems at path C:/Program Files/Unity/Hub/Editor/2020.3.15f2/Editor/Data/Resources/UnitySubsystems
[Subsystems] Discovering subsystems at path C:/Users/Tyler/GameDev/JW_3DShooter/Assets
GfxDevice: creating device client; threaded=0
Direct3D:
    Version:  Direct3D 11.0 [level 11.1]
    Renderer: NVIDIA GeForce GTX 1080 Ti (ID=0x1b06)
    Vendor:   
    VRAM:     11127 MB
    Driver:   27.21.14.5671
Initialize mono
Mono path[0] = 'C:/Program Files/Unity/Hub/Editor/2020.3.15f2/Editor/Data/Managed'
Mono path[1] = 'C:/Program Files/Unity/Hub/Editor/2020.3.15f2/Editor/Data/MonoBleedingEdge/lib/mono/unityjit'
Mono config path = 'C:/Program Files/Unity/Hub/Editor/2020.3.15f2/Editor/Data/MonoBleedingEdge/etc'
Using monoOptions --debugger-agent=transport=dt_socket,embedding=1,server=y,suspend=n,address=127.0.0.1:56188
Begin MonoManager ReloadAssembly
Registering precompiled unity dll's ...
Register platform support module: C:/Program Files/Unity/Hub/Editor/2020.3.15f2/Editor/Data/PlaybackEngines/WindowsStandaloneSupport/UnityEditor.WindowsStandalone.Extensions.dll
Registered in 0.001243 seconds.
Native extension for WindowsStandalone target not found
Refreshing native plugins compatible for Editor in 21.24 ms, found 2 plugins.
Preloading 0 native plugins for Editor in 0.00 ms.
Mono: successfully reloaded assembly
- Completed reload, in  0.648 seconds
Domain Reload Profiling:
	ReloadAssembly (648ms)
		BeginReloadAssembly (35ms)
			ExecutionOrderSort (0ms)
			DisableScriptedObjects (0ms)
			BackupInstance (0ms)
			ReleaseScriptingObjects (0ms)
			CreateAndSetChildDomain (1ms)
		EndReloadAssembly (273ms)
			LoadAssemblies (33ms)
			RebuildTransferFunctionScriptingTraits (0ms)
			SetupTypeCache (94ms)
			ReleaseScriptCaches (0ms)
			RebuildScriptCaches (23ms)
			SetupLoadedEditorAssemblies (107ms)
				LogAssemblyErrors (0ms)
				InitializePlatformSupportModulesInManaged (3ms)
				SetLoadedEditorAssemblies (0ms)
				RefreshPlugins (21ms)
				BeforeProcessingInitializeOnLoad (7ms)
				ProcessInitializeOnLoadAttributes (57ms)
				ProcessInitializeOnLoadMethodAttributes (19ms)
				AfterProcessingInitializeOnLoad (0ms)
				EditorAssembliesLoaded (0ms)
			ExecutionOrderSort2 (0ms)
			AwakeInstancesAfterBackupRestoration (0ms)
Platform modules already initialized, skipping
Registering precompiled user dll's ...
Registered in 0.002321 seconds.
Begin MonoManager ReloadAssembly
Native extension for WindowsStandalone target not found
Refreshing native plugins compatible for Editor in 0.32 ms, found 2 plugins.
Preloading 0 native plugins for Editor in 0.00 ms.
Mono: successfully reloaded assembly
- Completed reload, in  0.702 seconds
Domain Reload Profiling:
	ReloadAssembly (703ms)
		BeginReloadAssembly (97ms)
			ExecutionOrderSort (0ms)
			DisableScriptedObjects (3ms)
			BackupInstance (0ms)
			ReleaseScriptingObjects (0ms)
			CreateAndSetChildDomain (15ms)
		EndReloadAssembly (563ms)
			LoadAssemblies (58ms)
			RebuildTransferFunctionScriptingTraits (0ms)
			SetupTypeCache (169ms)
			ReleaseScriptCaches (0ms)
			RebuildScriptCaches (26ms)
			SetupLoadedEditorAssemblies (249ms)
				LogAssemblyErrors (0ms)
				InitializePlatformSupportModulesInManaged (3ms)
				SetLoadedEditorAssemblies (0ms)
				RefreshPlugins (0ms)
				BeforeProcessingInitializeOnLoad (38ms)
				ProcessInitializeOnLoadAttributes (201ms)
				ProcessInitializeOnLoadMethodAttributes (3ms)
				AfterProcessingInitializeOnLoad (3ms)
				EditorAssembliesLoaded (0ms)
			ExecutionOrderSort2 (0ms)
			AwakeInstancesAfterBackupRestoration (5ms)
Platform modules already initialized, skipping
========================================================================
Worker process is ready to serve import requests
Launched and connected shader compiler UnityShaderCompiler.exe after 0.05 seconds
Refreshing native plugins compatible for Editor in 0.31 ms, found 2 plugins.
Preloading 0 native plugins for Editor in 0.00 ms.
Unloading 1397 Unused Serialized files (Serialized files now loaded: 0)
System memory in use before: 65.3 MB.
System memory in use after: 65.3 MB.

Unloading 18 unused Assets to reduce memory usage. Loaded Objects now: 1830.
Total: 2.380000 ms (FindLiveObjects: 0.134000 ms CreateObjectMapping: 0.043700 ms MarkObjects: 2.154100 ms  DeleteObjects: 0.047300 ms)

AssetImportParameters requested are different than current active one (requested -> active):
  custom:framework-win-MediaFoundation: 216162199b28c13a410421893ffa2e32 -> 
  custom:video-decoder-ogg-theora: a1e56fd34408186e4bbccfd4996cb3dc -> 
  custom:container-muxer-webm: aa71ff27fc2769a1b78a27578f13a17b -> 
  custom:container-demuxer-webm: 4f35f7cbe854078d1ac9338744f61a02 -> 
  custom:container-demuxer-ogg: 62fdf1f143b41e24485cea50d1cbac27 -> 
  custom:video-encoder-webm-vp8: eb34c28f22e8b96e1ab97ce403110664 -> 
  custom:video-codec-MediaFoundation-h265: 746d11721c4dcdbdad8f713fa42b33f4 -> 
  custom:video-decoder-webm-vp8: 9c59270c3fd7afecdb556c50c9e8de78 -> 
  custom:audio-decoder-ogg-vorbis: bf7c407c2cedff20999df2af8eb42d56 -> 
  custom:audio-encoder-webm-vorbis: bf7c407c2cedff20999df2af8eb42d56 -> 
========================================================================
Received Import Request.
  path: Assets/Toony_Apocalyptic_City/Scenes/Objects_Scene.unity
  artifactKey: Guid(7d29b29aa0e808a46b7cdc8b6c082a71) Importer(815301076,1909f56bfc062723c751e8b465ee728b)
Start importing Assets/Toony_Apocalyptic_City/Scenes/Objects_Scene.unity using Guid(7d29b29aa0e808a46b7cdc8b6c082a71) Importer(815301076,1909f56bfc062723c751e8b465ee728b)  -> (artifact id: 'e1e627b774cbc974e3d2815616b9e4d0') in 0.011961 seconds 
  Import took 0.013641 seconds .

========================================================================
Received Import Request.
  Time since last request: 1.867098 seconds.
  path: Assets/Toony_Apocalyptic_City/Scenes/Cover_Image_Scene.unity
  artifactKey: Guid(1d50fae6bb86fde468d9822474742123) Importer(815301076,1909f56bfc062723c751e8b465ee728b)
Start importing Assets/Toony_Apocalyptic_City/Scenes/Cover_Image_Scene.unity using Guid(1d50fae6bb86fde468d9822474742123) Importer(815301076,1909f56bfc062723c751e8b465ee728b)  -> (artifact id: '05eccc46b7119e859496c852f68854e8') in 0.004756 seconds 
  Import took 0.006538 seconds .

========================================================================
Received Import Request.
  Time since last request: 273.759817 seconds.
  path: Assets/Robot_Soldier/Animations/Run_Aim.fbx
  artifactKey: Guid(9f0376548525d7f46a10087a2cb9ff17) Importer(815301076,1909f56bfc062723c751e8b465ee728b)
Start importing Assets/Robot_Soldier/Animations/Run_Aim.fbx using Guid(9f0376548525d7f46a10087a2cb9ff17) Importer(815301076,1909f56bfc062723c751e8b465ee728b)  -> (artifact id: 'de285d0b85bccfcd934b587b84f88524') in 0.048847 seconds 
  Import took 0.050938 seconds .

========================================================================
Received Import Request.
  Time since last request: 0.395527 seconds.
  path: Assets/Robot_Soldier/Materials/Floor.mat
  artifactKey: Guid(ff711c43fd3d587448442dd3bff75ecb) Importer(815301076,1909f56bfc062723c751e8b465ee728b)
Start importing Assets/Robot_Soldier/Materials/Floor.mat using Guid(ff711c43fd3d587448442dd3bff75ecb) Importer(815301076,1909f56bfc062723c751e8b465ee728b)  -> (artifact id: 'ef580cc9ae3698bf933ed5342373c4c7') in 0.240918 seconds 
  Import took 0.242794 seconds .

========================================================================
Received Import Request.
  Time since last request: 0.000128 seconds.
  path: Assets/Robot_Soldier/Materials/Robot_Soldier_Black.mat
  artifactKey: Guid(d5aafb5ec9da01242b0ee1cf8e1b5945) Importer(815301076,1909f56bfc062723c751e8b465ee728b)
Start importing Assets/Robot_Soldier/Materials/Robot_Soldier_Black.mat using Guid(d5aafb5ec9da01242b0ee1cf8e1b5945) Importer(815301076,1909f56bfc062723c751e8b465ee728b)  -> (artifact id: '1096180d568c9c7cc17e946dd94670b1') in 0.236445 seconds 
  Import took 0.240979 seconds .

========================================================================
Received Import Request.
  Time since last request: 0.000130 seconds.
  path: Assets/Robot_Soldier/Materials/Robot_Soldier_Green.mat
  artifactKey: Guid(edc28d4cd35704248a4d6909e8092b34) Importer(815301076,1909f56bfc062723c751e8b465ee728b)
Start importing Assets/Robot_Soldier/Materials/Robot_Soldier_Green.mat using Guid(edc28d4cd35704248a4d6909e8092b34) Importer(815301076,1909f56bfc062723c751e8b465ee728b)  -> (artifact id: 'b5d6bc8d5484bfd0c73ee23ab1fbed14') in 0.049506 seconds 
  Import took 0.054129 seconds .

========================================================================
Received Import Request.
  Time since last request: 0.000134 seconds.
  path: Assets/Robot_Soldier/Materials/Robot_Soldier_Red.mat
  artifactKey: Guid(5bfae0fb4183d0946962f5ab68bdcf31) Importer(815301076,1909f56bfc062723c751e8b465ee728b)
Start importing Assets/Robot_Soldier/Materials/Robot_Soldier_Red.mat using Guid(5bfae0fb4183d0946962f5ab68bdcf31) Importer(815301076,1909f56bfc062723c751e8b465ee728b)  -> (artifact id: '04aff2e066e54b6893dda686c1a94086') in 0.048827 seconds 
  Import took 0.053891 seconds .

========================================================================
Received Import Request.
  Time since last request: 0.000141 seconds.
  path: Assets/Robot_Soldier/Materials/Robot_Soldier_White.mat
  artifactKey: Guid(664d3304bbcfc90499aae4313f7eb929) Importer(815301076,1909f56bfc062723c751e8b465ee728b)
Start importing Assets/Robot_Soldier/Materials/Robot_Soldier_White.mat using Guid(664d3304bbcfc90499aae4313f7eb929) Importer(815301076,1909f56bfc062723c751e8b465ee728b)  -> (artifact id: '013397326cd1287ab385851050bfe86b') in 0.040100 seconds 
  Import took 0.044944 seconds .

========================================================================
Received Import Request.
  Time since last request: 0.000155 seconds.
  path: Assets/Robot_Soldier/Materials/Robot_Rifle.mat
  artifactKey: Guid(58c2cf994000c2e459d502d5b1700f29) Importer(815301076,1909f56bfc062723c751e8b465ee728b)
Start importing Assets/Robot_Soldier/Materials/Robot_Rifle.mat using Guid(58c2cf994000c2e459d502d5b1700f29) Importer(815301076,1909f56bfc062723c751e8b465ee728b)  -> (artifact id: '4e6c909060ab80888a2f0396f032ad1c') in 0.086566 seconds 
  Import took 0.088469 seconds .

========================================================================
Received Import Request.
  Time since last request: 0.000129 seconds.
  path: Assets/Robot_Soldier/Materials/Robot_Soldier_Camo1.mat
  artifactKey: Guid(7655bd330033f864d8d47fade18486b9) Importer(815301076,1909f56bfc062723c751e8b465ee728b)
Start importing Assets/Robot_Soldier/Materials/Robot_Soldier_Camo1.mat using Guid(7655bd330033f864d8d47fade18486b9) Importer(815301076,1909f56bfc062723c751e8b465ee728b)  -> (artifact id: '5d5ed19afb9d4f4136b267444da0a953') in 0.038047 seconds 
  Import took 0.042500 seconds .

========================================================================
Received Import Request.
  Time since last request: 0.000137 seconds.
  path: Assets/Robot_Soldier/Materials/Robot_Soldier_Camo2.mat
  artifactKey: Guid(8312736b2b14588498d33a00a622c8d0) Importer(815301076,1909f56bfc062723c751e8b465ee728b)
Start importing Assets/Robot_Soldier/Materials/Robot_Soldier_Camo2.mat using Guid(8312736b2b14588498d33a00a622c8d0) Importer(815301076,1909f56bfc062723c751e8b465ee728b)  -> (artifact id: '1787f4dd6aef33007d0afb1531d705cc') in 0.038517 seconds 
  Import took 0.043026 seconds .

========================================================================
Received Import Request.
  Time since last request: 0.000137 seconds.
  path: Assets/Robot_Soldier/Materials/Robot_Soldier_Blue.mat
  artifactKey: Guid(1654ec2413acdbd4481c58b3371dbec3) Importer(815301076,1909f56bfc062723c751e8b465ee728b)
Start importing Assets/Robot_Soldier/Materials/Robot_Soldier_Blue.mat using Guid(1654ec2413acdbd4481c58b3371dbec3) Importer(815301076,1909f56bfc062723c751e8b465ee728b)  -> (artifact id: 'be147131b94de326ef25f9223fceed45') in 0.038927 seconds 
  Import took 0.043569 seconds .

========================================================================
Received Import Request.
  Time since last request: 0.216974 seconds.
  path: Assets/Robot_Soldier/Meshes/Floor.FBX
  artifactKey: Guid(9f09bf7094e1b9343afb24906c65f1dc) Importer(815301076,1909f56bfc062723c751e8b465ee728b)
Start importing Assets/Robot_Soldier/Meshes/Floor.FBX using Guid(9f09bf7094e1b9343afb24906c65f1dc) Importer(815301076,1909f56bfc062723c751e8b465ee728b)  -> (artifact id: 'e3a53becbb9859299820c068584eea57') in 0.031151 seconds 
  Import took 0.033034 seconds .

========================================================================
Received Import Request.
  Time since last request: 0.000128 seconds.
  path: Assets/Robot_Soldier/Meshes/Robot_Soldier.fbx
  artifactKey: Guid(535511bb156e7f54f83f305d96a1c4ce) Importer(815301076,1909f56bfc062723c751e8b465ee728b)
Start importing Assets/Robot_Soldier/Meshes/Robot_Soldier.fbx using Guid(535511bb156e7f54f83f305d96a1c4ce) Importer(815301076,1909f56bfc062723c751e8b465ee728b)  -> (artifact id: '08dee56dac9e15f753720ce7a48ea905') in 0.066818 seconds 
  Import took 0.068684 seconds .

========================================================================
Received Import Request.
  Time since last request: 0.198874 seconds.
  path: Assets/Robot_Soldier/Prefabs/Floor.prefab
  artifactKey: Guid(34ad339615304b44c91562cbd11001f2) Importer(815301076,1909f56bfc062723c751e8b465ee728b)
Start importing Assets/Robot_Soldier/Prefabs/Floor.prefab using Guid(34ad339615304b44c91562cbd11001f2) Importer(815301076,1909f56bfc062723c751e8b465ee728b)  -> (artifact id: '5f1780a07fdb74c66ea0e7b4d400f9bb') in 0.007747 seconds 
  Import took 0.009611 seconds .

========================================================================
Received Import Request.
  Time since last request: 0.000123 seconds.
  path: Assets/Robot_Soldier/Prefabs/Robot_Soldier_Camo1.prefab
  artifactKey: Guid(c816c50f1076b564bbe9891c3e74b00e) Importer(815301076,1909f56bfc062723c751e8b465ee728b)
Start importing Assets/Robot_Soldier/Prefabs/Robot_Soldier_Camo1.prefab using Guid(c816c50f1076b564bbe9891c3e74b00e) Importer(815301076,1909f56bfc062723c751e8b465ee728b)  -> (artifact id: '9babfca08e1126ec417f78b81b19f093') in 0.051081 seconds 
  Import took 0.056854 seconds .

========================================================================
Received Import Request.
  Time since last request: 0.000144 seconds.
  path: Assets/Robot_Soldier/Prefabs/Robot_Soldier_Green.prefab
  artifactKey: Guid(ebd2497aad4ffde43abb1d9b595d8937) Importer(815301076,1909f56bfc062723c751e8b465ee728b)
Start importing Assets/Robot_Soldier/Prefabs/Robot_Soldier_Green.prefab using Guid(ebd2497aad4ffde43abb1d9b595d8937) Importer(815301076,1909f56bfc062723c751e8b465ee728b)  -> (artifact id: 'f58164b60b0088eed7e25e68bbbb9469') in 0.052387 seconds 
  Import took 0.058371 seconds .

========================================================================
Received Import Request.
  Time since last request: 0.000139 seconds.
  path: Assets/Robot_Soldier/Prefabs/Robot_Soldier_Blue.prefab
  artifactKey: Guid(3fc233a9407d11f46a1983e4692babf9) Importer(815301076,1909f56bfc062723c751e8b465ee728b)
Start importing Assets/Robot_Soldier/Prefabs/Robot_Soldier_Blue.prefab using Guid(3fc233a9407d11f46a1983e4692babf9) Importer(815301076,1909f56bfc062723c751e8b465ee728b)  -> (artifact id: '3c7b094391658444ad9c5712c57aff95') in 0.047351 seconds 
  Import took 0.052773 seconds .

========================================================================
Received Import Request.
  Time since last request: 0.000157 seconds.
  path: Assets/Robot_Soldier/Prefabs/Robot_Soldier_White.prefab
  artifactKey: Guid(0814aba0a5f87494cb000251ab82361f) Importer(815301076,1909f56bfc062723c751e8b465ee728b)
Start importing Assets/Robot_Soldier/Prefabs/Robot_Soldier_White.prefab using Guid(0814aba0a5f87494cb000251ab82361f) Importer(815301076,1909f56bfc062723c751e8b465ee728b)  -> (artifact id: '980d49814dc4c13f352a572550765172') in 0.052869 seconds 
  Import took 0.058900 seconds .

========================================================================
Received Import Request.
  Time since last request: 0.000139 seconds.
  path: Assets/Robot_Soldier/Prefabs/Robot_Soldier_Black.prefab
  artifactKey: Guid(c266c61b42ce56a4ca7e9190ef1209e3) Importer(815301076,1909f56bfc062723c751e8b465ee728b)
Start importing Assets/Robot_Soldier/Prefabs/Robot_Soldier_Black.prefab using Guid(c266c61b42ce56a4ca7e9190ef1209e3) Importer(815301076,1909f56bfc062723c751e8b465ee728b)  -> (artifact id: '7b766589df7687d5740f4b8453e1d866') in 0.052160 seconds 
  Import took 0.058099 seconds .

========================================================================
Received Import Request.
  Time since last request: 0.000143 seconds.
  path: Assets/Robot_Soldier/Prefabs/Robot_Soldier_Red.prefab
  artifactKey: Guid(08f5427fe0d15ad47a5a1bb70b6156c7) Importer(815301076,1909f56bfc062723c751e8b465ee728b)
Start importing Assets/Robot_Soldier/Prefabs/Robot_Soldier_Red.prefab using Guid(08f5427fe0d15ad47a5a1bb70b6156c7) Importer(815301076,1909f56bfc062723c751e8b465ee728b)  -> (artifact id: '292da6feb27ece2c28c1333cc22547e3') in 0.057662 seconds 
  Import took 0.063911 seconds .

========================================================================
Received Import Request.
  Time since last request: 0.000138 seconds.
  path: Assets/Robot_Soldier/Prefabs/Robot_Soldier_Camo2.prefab
  artifactKey: Guid(23e084d1633f7674e81ebd4cad264047) Importer(815301076,1909f56bfc062723c751e8b465ee728b)
Start importing Assets/Robot_Soldier/Prefabs/Robot_Soldier_Camo2.prefab using Guid(23e084d1633f7674e81ebd4cad264047) Importer(815301076,1909f56bfc062723c751e8b465ee728b)  -> (artifact id: '82a64c28b59b0da0ca98ca99519948da') in 0.057280 seconds 
  Import took 0.063716 seconds .

========================================================================
Received Import Request.
  Time since last request: 174.768622 seconds.
  path: Assets/Scripts
  artifactKey: Guid(9e219bde38cf5c240bfac56c804f83dc) Importer(815301076,1909f56bfc062723c751e8b465ee728b)
Start importing Assets/Scripts using Guid(9e219bde38cf5c240bfac56c804f83dc) Importer(815301076,1909f56bfc062723c751e8b465ee728b)  -> (artifact id: '1f43182d3cdc4df2fe9d245f3f1b26d0') in 0.005186 seconds 
  Import took 0.007057 seconds .

========================================================================
Received Import Request.
  Time since last request: 35.828080 seconds.
  path: Assets/Scripts/Player.cs
  artifactKey: Guid(833611deb85e858408236112fc9349e5) Importer(815301076,1909f56bfc062723c751e8b465ee728b)
Start importing Assets/Scripts/Player.cs using Guid(833611deb85e858408236112fc9349e5) Importer(815301076,1909f56bfc062723c751e8b465ee728b)  -> (artifact id: '674ff51f09359f684fbdcc60045edc65') in 0.058878 seconds 
  Import took 0.060819 seconds .

========================================================================
Received Prepare
Registering precompiled user dll's ...
Registered in 0.002186 seconds.
Begin MonoManager ReloadAssembly
Native extension for WindowsStandalone target not found
Refreshing native plugins compatible for Editor in 0.32 ms, found 2 plugins.
Preloading 0 native plugins for Editor in 0.00 ms.
Mono: successfully reloaded assembly
- Completed reload, in  0.643 seconds
Domain Reload Profiling:
	ReloadAssembly (643ms)
		BeginReloadAssembly (74ms)
			ExecutionOrderSort (0ms)
			DisableScriptedObjects (3ms)
			BackupInstance (0ms)
			ReleaseScriptingObjects (0ms)
			CreateAndSetChildDomain (25ms)
		EndReloadAssembly (524ms)
			LoadAssemblies (54ms)
			RebuildTransferFunctionScriptingTraits (0ms)
			SetupTypeCache (160ms)
			ReleaseScriptCaches (1ms)
			RebuildScriptCaches (22ms)
			SetupLoadedEditorAssemblies (227ms)
				LogAssemblyErrors (0ms)
				InitializePlatformSupportModulesInManaged (3ms)
				SetLoadedEditorAssemblies (0ms)
				RefreshPlugins (0ms)
				BeforeProcessingInitializeOnLoad (33ms)
				ProcessInitializeOnLoadAttributes (184ms)
				ProcessInitializeOnLoadMethodAttributes (3ms)
				AfterProcessingInitializeOnLoad (3ms)
				EditorAssembliesLoaded (0ms)
			ExecutionOrderSort2 (0ms)
			AwakeInstancesAfterBackupRestoration (5ms)
Platform modules already initialized, skipping
Refreshing native plugins compatible for Editor in 0.25 ms, found 2 plugins.
Preloading 0 native plugins for Editor in 0.00 ms.
Unloading 1392 Unused Serialized files (Serialized files now loaded: 0)
System memory in use before: 82.7 MB.
System memory in use after: 82.8 MB.

Unloading 13 unused Assets to reduce memory usage. Loaded Objects now: 1878.
Total: 2.198300 ms (FindLiveObjects: 0.117200 ms CreateObjectMapping: 0.036700 ms MarkObjects: 2.031300 ms  DeleteObjects: 0.012300 ms)

AssetImportParameters requested are different than current active one (requested -> active):
  custom:framework-win-MediaFoundation: 216162199b28c13a410421893ffa2e32 -> 
  custom:video-decoder-ogg-theora: a1e56fd34408186e4bbccfd4996cb3dc -> 
  custom:container-muxer-webm: aa71ff27fc2769a1b78a27578f13a17b -> 
  custom:container-demuxer-webm: 4f35f7cbe854078d1ac9338744f61a02 -> 
  custom:container-demuxer-ogg: 62fdf1f143b41e24485cea50d1cbac27 -> 
  custom:video-encoder-webm-vp8: eb34c28f22e8b96e1ab97ce403110664 -> 
  custom:video-codec-MediaFoundation-h265: 746d11721c4dcdbdad8f713fa42b33f4 -> 
  custom:video-decoder-webm-vp8: 9c59270c3fd7afecdb556c50c9e8de78 -> 
  custom:audio-decoder-ogg-vorbis: bf7c407c2cedff20999df2af8eb42d56 -> 
  custom:audio-encoder-webm-vorbis: bf7c407c2cedff20999df2af8eb42d56 -> 
========================================================================
Received Prepare
Registering precompiled user dll's ...
Registered in 0.002120 seconds.
Begin MonoManager ReloadAssembly
Native extension for WindowsStandalone target not found
Refreshing native plugins compatible for Editor in 0.32 ms, found 2 plugins.
Preloading 0 native plugins for Editor in 0.00 ms.
Mono: successfully reloaded assembly
- Completed reload, in  0.643 seconds
Domain Reload Profiling:
	ReloadAssembly (643ms)
		BeginReloadAssembly (72ms)
			ExecutionOrderSort (0ms)
			DisableScriptedObjects (3ms)
			BackupInstance (0ms)
			ReleaseScriptingObjects (0ms)
			CreateAndSetChildDomain (23ms)
		EndReloadAssembly (531ms)
			LoadAssemblies (54ms)
			RebuildTransferFunctionScriptingTraits (0ms)
			SetupTypeCache (163ms)
			ReleaseScriptCaches (1ms)
			RebuildScriptCaches (23ms)
			SetupLoadedEditorAssemblies (229ms)
				LogAssemblyErrors (0ms)
				InitializePlatformSupportModulesInManaged (3ms)
				SetLoadedEditorAssemblies (0ms)
				RefreshPlugins (0ms)
				BeforeProcessingInitializeOnLoad (32ms)
				ProcessInitializeOnLoadAttributes (187ms)
				ProcessInitializeOnLoadMethodAttributes (3ms)
				AfterProcessingInitializeOnLoad (3ms)
				EditorAssembliesLoaded (0ms)
			ExecutionOrderSort2 (0ms)
			AwakeInstancesAfterBackupRestoration (5ms)
Platform modules already initialized, skipping
Refreshing native plugins compatible for Editor in 0.26 ms, found 2 plugins.
Preloading 0 native plugins for Editor in 0.00 ms.
Unloading 1392 Unused Serialized files (Serialized files now loaded: 0)
System memory in use before: 82.7 MB.
System memory in use after: 82.8 MB.

Unloading 13 unused Assets to reduce memory usage. Loaded Objects now: 1880.
Total: 2.142800 ms (FindLiveObjects: 0.110000 ms CreateObjectMapping: 0.031800 ms MarkObjects: 1.989300 ms  DeleteObjects: 0.011100 ms)

AssetImportParameters requested are different than current active one (requested -> active):
  custom:framework-win-MediaFoundation: 216162199b28c13a410421893ffa2e32 -> 
  custom:video-decoder-ogg-theora: a1e56fd34408186e4bbccfd4996cb3dc -> 
  custom:container-muxer-webm: aa71ff27fc2769a1b78a27578f13a17b -> 
  custom:container-demuxer-webm: 4f35f7cbe854078d1ac9338744f61a02 -> 
  custom:container-demuxer-ogg: 62fdf1f143b41e24485cea50d1cbac27 -> 
  custom:video-encoder-webm-vp8: eb34c28f22e8b96e1ab97ce403110664 -> 
  custom:video-codec-MediaFoundation-h265: 746d11721c4dcdbdad8f713fa42b33f4 -> 
  custom:video-decoder-webm-vp8: 9c59270c3fd7afecdb556c50c9e8de78 -> 
  custom:audio-decoder-ogg-vorbis: bf7c407c2cedff20999df2af8eb42d56 -> 
  custom:audio-encoder-webm-vorbis: bf7c407c2cedff20999df2af8eb42d56 -> 
========================================================================
Received Prepare
Registering precompiled user dll's ...
Registered in 0.002207 seconds.
Begin MonoManager ReloadAssembly
Native extension for WindowsStandalone target not found
Refreshing native plugins compatible for Editor in 0.31 ms, found 2 plugins.
Preloading 0 native plugins for Editor in 0.00 ms.
Mono: successfully reloaded assembly
- Completed reload, in  0.653 seconds
Domain Reload Profiling:
	ReloadAssembly (653ms)
		BeginReloadAssembly (74ms)
			ExecutionOrderSort (0ms)
			DisableScriptedObjects (4ms)
			BackupInstance (0ms)
			ReleaseScriptingObjects (0ms)
			CreateAndSetChildDomain (24ms)
		EndReloadAssembly (537ms)
			LoadAssemblies (57ms)
			RebuildTransferFunctionScriptingTraits (0ms)
			SetupTypeCache (172ms)
			ReleaseScriptCaches (1ms)
			RebuildScriptCaches (23ms)
			SetupLoadedEditorAssemblies (225ms)
				LogAssemblyErrors (0ms)
				InitializePlatformSupportModulesInManaged (3ms)
				SetLoadedEditorAssemblies (0ms)
				RefreshPlugins (0ms)
				BeforeProcessingInitializeOnLoad (31ms)
				ProcessInitializeOnLoadAttributes (184ms)
				ProcessInitializeOnLoadMethodAttributes (3ms)
				AfterProcessingInitializeOnLoad (3ms)
				EditorAssembliesLoaded (0ms)
			ExecutionOrderSort2 (0ms)
			AwakeInstancesAfterBackupRestoration (5ms)
Platform modules already initialized, skipping
Refreshing native plugins compatible for Editor in 0.22 ms, found 2 plugins.
Preloading 0 native plugins for Editor in 0.00 ms.
Unloading 1392 Unused Serialized files (Serialized files now loaded: 0)
System memory in use before: 82.7 MB.
System memory in use after: 82.9 MB.

Unloading 13 unused Assets to reduce memory usage. Loaded Objects now: 1882.
Total: 2.075900 ms (FindLiveObjects: 0.109800 ms CreateObjectMapping: 0.042700 ms MarkObjects: 1.912700 ms  DeleteObjects: 0.010200 ms)

AssetImportParameters requested are different than current active one (requested -> active):
  custom:framework-win-MediaFoundation: 216162199b28c13a410421893ffa2e32 -> 
  custom:video-decoder-ogg-theora: a1e56fd34408186e4bbccfd4996cb3dc -> 
  custom:container-muxer-webm: aa71ff27fc2769a1b78a27578f13a17b -> 
  custom:container-demuxer-webm: 4f35f7cbe854078d1ac9338744f61a02 -> 
  custom:container-demuxer-ogg: 62fdf1f143b41e24485cea50d1cbac27 -> 
  custom:video-encoder-webm-vp8: eb34c28f22e8b96e1ab97ce403110664 -> 
  custom:video-codec-MediaFoundation-h265: 746d11721c4dcdbdad8f713fa42b33f4 -> 
  custom:video-decoder-webm-vp8: 9c59270c3fd7afecdb556c50c9e8de78 -> 
  custom:audio-decoder-ogg-vorbis: bf7c407c2cedff20999df2af8eb42d56 -> 
  custom:audio-encoder-webm-vorbis: bf7c407c2cedff20999df2af8eb42d56 -> 
AssetImportWorkerClient::OnTransportError - code=2 error=End of file
